<?xml version="1.0" encoding="UTF-8"?>
<testsuite name="Academy Choucair" tests="1" skipped="1" failures="0" errors="0" timestamp="2021-02-17T00:24:16" hostname="DESKTOP-IUS6C6M" time="0.073">
  <properties/>
  <testcase name="Search for automation course" classname="Academy Choucair" time="0.073">
    <skipped/>
  </testcase>
  <system-out><![CDATA[]]></system-out>
  <system-err><![CDATA[[Test worker] WARN net.thucydides.core.steps.BaseStepListener - stepStarted: net.thucydides.core.steps.ExecutedStepDescription@19368fae
[Test worker] INFO net.thucydides.core.steps.ConsoleLoggingListener - TEST PENDING
[Test worker] WARN net.thucydides.core.steps.BaseStepListener - stepStarted: net.thucydides.core.steps.ExecutedStepDescription@56d74f2f
[Test worker] WARN net.thucydides.core.steps.BaseStepListener - stepStarted: net.thucydides.core.steps.ExecutedStepDescription@3dfdc31e
[Test worker] WARN net.thucydides.core.steps.BaseStepListener - testFinished: Search for automation course:Given than brandon wants to learn at the academy Choucair
| strUser | strPassword |
| 1019124361 | Choucair2021* |, When he search for the course  on the choucair academy platform
| strCourse |
| Recursos Automatizacion Bancolombia |, Then he finds the course called resource
| strCourse |
| Recursos Automatizacion Bancolombia |
[Test worker] WARN net.thucydides.core.steps.BaseStepListener - TestOutcomes: [Search for automation course:Given than brandon wants to learn at the academy Choucair
| strUser | strPassword |
| 1019124361 | Choucair2021* |, When he search for the course  on the choucair academy platform
| strCourse |
| Recursos Automatizacion Bancolombia |, Then he finds the course called resource
| strCourse |
| Recursos Automatizacion Bancolombia |]
[Test worker] WARN net.thucydides.core.steps.BaseStepListener - Final testOutcomes: [Search for automation course:Given than brandon wants to learn at the academy Choucair
| strUser | strPassword |
| 1019124361 | Choucair2021* |, When he search for the course  on the choucair academy platform
| strCourse |
| Recursos Automatizacion Bancolombia |, Then he finds the course called resource
| strCourse |
| Recursos Automatizacion Bancolombia |]
[Test worker] INFO net.thucydides.core.steps.ConsoleLoggingListener - 
          __  _____ _____ ____ _____   ____  _____ _   _ ____ ___ _   _  ____ 
 _       / / |_   _| ____/ ___|_   _| |  _ \| ____| \ | |  _ \_ _| \ | |/ ___|
(_)____ / /    | | |  _| \___ \ | |   | |_) |  _| |  \| | | | | ||  \| | |  _ 
 |_____/ /     | | | |___ ___) || |   |  __/| |___| |\  | |_| | || |\  | |_| |
(_)   /_/      |_| |_____|____/ |_|   |_|   |_____|_| \_|____/___|_| \_|\____|
                                                                                

TEST PENDING: Search for automation course
---------------------------------------------------------------------------------
]]></system-err>
</testsuite>
